Performing C SOURCE FILE Test CMAKE_HAVE_LIBC_PTHREAD failed with the following output:
Change Dir: /home/xhn/Desktop/CSC4140/HW3&4/Assignment3&4/build/CMakeFiles/CMakeTmp

Run Build Command(s):/usr/bin/make cmTC_929c2/fast && /usr/bin/make -f CMakeFiles/cmTC_929c2.dir/build.make CMakeFiles/cmTC_929c2.dir/build
make[1]: Entering directory '/home/xhn/Desktop/CSC4140/HW3&4/Assignment3&4/build/CMakeFiles/CMakeTmp'
Building C object CMakeFiles/cmTC_929c2.dir/src.c.o
/usr/bin/cc   -fPIC -DCMAKE_HAVE_LIBC_PTHREAD -mavx2   -o CMakeFiles/cmTC_929c2.dir/src.c.o   -c "/home/xhn/Desktop/CSC4140/HW3&4/Assignment3&4/build/CMakeFiles/CMakeTmp/src.c"
Linking C executable cmTC_929c2
/usr/bin/cmake -E cmake_link_script CMakeFiles/cmTC_929c2.dir/link.txt --verbose=1
/usr/bin/cc  -fPIC -DCMAKE_HAVE_LIBC_PTHREAD -mavx2    -rdynamic CMakeFiles/cmTC_929c2.dir/src.c.o  -o cmTC_929c2 
/usr/bin/ld: CMakeFiles/cmTC_929c2.dir/src.c.o: in function `main':
src.c:(.text+0x46): undefined reference to `pthread_create'
/usr/bin/ld: src.c:(.text+0x52): undefined reference to `pthread_detach'
/usr/bin/ld: src.c:(.text+0x63): undefined reference to `pthread_join'
collect2: error: ld returned 1 exit status
make[1]: *** [CMakeFiles/cmTC_929c2.dir/build.make:87: cmTC_929c2] Error 1
make[1]: Leaving directory '/home/xhn/Desktop/CSC4140/HW3&4/Assignment3&4/build/CMakeFiles/CMakeTmp'
make: *** [Makefile:121: cmTC_929c2/fast] Error 2


Source file was:
#include <pthread.h>

void* test_func(void* data)
{
  return data;
}

int main(void)
{
  pthread_t thread;
  pthread_create(&thread, NULL, test_func, NULL);
  pthread_detach(thread);
  pthread_join(thread, NULL);
  pthread_atfork(NULL, NULL, NULL);
  pthread_exit(NULL);

  return 0;
}

Determining if the function pthread_create exists in the pthreads failed with the following output:
Change Dir: /home/xhn/Desktop/CSC4140/HW3&4/Assignment3&4/build/CMakeFiles/CMakeTmp

Run Build Command(s):/usr/bin/make cmTC_d4624/fast && /usr/bin/make -f CMakeFiles/cmTC_d4624.dir/build.make CMakeFiles/cmTC_d4624.dir/build
make[1]: Entering directory '/home/xhn/Desktop/CSC4140/HW3&4/Assignment3&4/build/CMakeFiles/CMakeTmp'
Building C object CMakeFiles/cmTC_d4624.dir/CheckFunctionExists.c.o
/usr/bin/cc   -fPIC -DCHECK_FUNCTION_EXISTS=pthread_create -mavx2   -o CMakeFiles/cmTC_d4624.dir/CheckFunctionExists.c.o   -c /usr/share/cmake-3.16/Modules/CheckFunctionExists.c
Linking C executable cmTC_d4624
/usr/bin/cmake -E cmake_link_script CMakeFiles/cmTC_d4624.dir/link.txt --verbose=1
/usr/bin/cc  -fPIC -DCHECK_FUNCTION_EXISTS=pthread_create -mavx2    -rdynamic CMakeFiles/cmTC_d4624.dir/CheckFunctionExists.c.o  -o cmTC_d4624  -lpthreads 
/usr/bin/ld: cannot find -lpthreads
collect2: error: ld returned 1 exit status
make[1]: *** [CMakeFiles/cmTC_d4624.dir/build.make:87: cmTC_d4624] Error 1
make[1]: Leaving directory '/home/xhn/Desktop/CSC4140/HW3&4/Assignment3&4/build/CMakeFiles/CMakeTmp'
make: *** [Makefile:121: cmTC_d4624/fast] Error 2



