Performing C SOURCE FILE Test CMAKE_HAVE_LIBC_PTHREAD failed with the following output:
Change Dir: /home/xhn/Desktop/CSC4140/120090453_HW_5/Assignment5/build/CMakeFiles/CMakeTmp

Run Build Command(s):/usr/bin/make cmTC_4958e/fast && /usr/bin/make -f CMakeFiles/cmTC_4958e.dir/build.make CMakeFiles/cmTC_4958e.dir/build
make[1]: Entering directory '/home/xhn/Desktop/CSC4140/120090453_HW_5/Assignment5/build/CMakeFiles/CMakeTmp'
Building C object CMakeFiles/cmTC_4958e.dir/src.c.o
/usr/bin/cc   -DCMAKE_HAVE_LIBC_PTHREAD   -o CMakeFiles/cmTC_4958e.dir/src.c.o   -c /home/xhn/Desktop/CSC4140/120090453_HW_5/Assignment5/build/CMakeFiles/CMakeTmp/src.c
Linking C executable cmTC_4958e
/usr/bin/cmake -E cmake_link_script CMakeFiles/cmTC_4958e.dir/link.txt --verbose=1
/usr/bin/cc  -DCMAKE_HAVE_LIBC_PTHREAD    -rdynamic CMakeFiles/cmTC_4958e.dir/src.c.o  -o cmTC_4958e 
/usr/bin/ld: CMakeFiles/cmTC_4958e.dir/src.c.o: in function `main':
src.c:(.text+0x46): undefined reference to `pthread_create'
/usr/bin/ld: src.c:(.text+0x52): undefined reference to `pthread_detach'
/usr/bin/ld: src.c:(.text+0x63): undefined reference to `pthread_join'
collect2: error: ld returned 1 exit status
make[1]: *** [CMakeFiles/cmTC_4958e.dir/build.make:87: cmTC_4958e] Error 1
make[1]: Leaving directory '/home/xhn/Desktop/CSC4140/120090453_HW_5/Assignment5/build/CMakeFiles/CMakeTmp'
make: *** [Makefile:121: cmTC_4958e/fast] Error 2


Source file was:
#include <pthread.h>

void* test_func(void* data)
{
  return data;
}

int main(void)
{
  pthread_t thread;
  pthread_create(&thread, NULL, test_func, NULL);
  pthread_detach(thread);
  pthread_join(thread, NULL);
  pthread_atfork(NULL, NULL, NULL);
  pthread_exit(NULL);

  return 0;
}

Determining if the function pthread_create exists in the pthreads failed with the following output:
Change Dir: /home/xhn/Desktop/CSC4140/120090453_HW_5/Assignment5/build/CMakeFiles/CMakeTmp

Run Build Command(s):/usr/bin/make cmTC_7c83b/fast && /usr/bin/make -f CMakeFiles/cmTC_7c83b.dir/build.make CMakeFiles/cmTC_7c83b.dir/build
make[1]: Entering directory '/home/xhn/Desktop/CSC4140/120090453_HW_5/Assignment5/build/CMakeFiles/CMakeTmp'
Building C object CMakeFiles/cmTC_7c83b.dir/CheckFunctionExists.c.o
/usr/bin/cc   -DCHECK_FUNCTION_EXISTS=pthread_create   -o CMakeFiles/cmTC_7c83b.dir/CheckFunctionExists.c.o   -c /usr/share/cmake-3.16/Modules/CheckFunctionExists.c
Linking C executable cmTC_7c83b
/usr/bin/cmake -E cmake_link_script CMakeFiles/cmTC_7c83b.dir/link.txt --verbose=1
/usr/bin/cc  -DCHECK_FUNCTION_EXISTS=pthread_create    -rdynamic CMakeFiles/cmTC_7c83b.dir/CheckFunctionExists.c.o  -o cmTC_7c83b  -lpthreads 
/usr/bin/ld: cannot find -lpthreads
collect2: error: ld returned 1 exit status
make[1]: *** [CMakeFiles/cmTC_7c83b.dir/build.make:87: cmTC_7c83b] Error 1
make[1]: Leaving directory '/home/xhn/Desktop/CSC4140/120090453_HW_5/Assignment5/build/CMakeFiles/CMakeTmp'
make: *** [Makefile:121: cmTC_7c83b/fast] Error 2



Determining if the function glXGetProcAddressEXT exists failed with the following output:
Change Dir: /home/xhn/Desktop/CSC4140/120090453_HW_5/Assignment5/build/CMakeFiles/CMakeTmp

Run Build Command(s):/usr/bin/make cmTC_a8bfe/fast && /usr/bin/make -f CMakeFiles/cmTC_a8bfe.dir/build.make CMakeFiles/cmTC_a8bfe.dir/build
make[1]: Entering directory '/home/xhn/Desktop/CSC4140/120090453_HW_5/Assignment5/build/CMakeFiles/CMakeTmp'
Building C object CMakeFiles/cmTC_a8bfe.dir/CheckFunctionExists.c.o
/usr/bin/cc   -DCHECK_FUNCTION_EXISTS=glXGetProcAddressEXT   -o CMakeFiles/cmTC_a8bfe.dir/CheckFunctionExists.c.o   -c /usr/share/cmake-3.16/Modules/CheckFunctionExists.c
Linking C executable cmTC_a8bfe
/usr/bin/cmake -E cmake_link_script CMakeFiles/cmTC_a8bfe.dir/link.txt --verbose=1
/usr/bin/cc  -DCHECK_FUNCTION_EXISTS=glXGetProcAddressEXT    -rdynamic CMakeFiles/cmTC_a8bfe.dir/CheckFunctionExists.c.o  -o cmTC_a8bfe  /usr/lib/x86_64-linux-gnu/libGL.so 
/usr/bin/ld: CMakeFiles/cmTC_a8bfe.dir/CheckFunctionExists.c.o: in function `main':
CheckFunctionExists.c:(.text+0x14): undefined reference to `glXGetProcAddressEXT'
collect2: error: ld returned 1 exit status
make[1]: *** [CMakeFiles/cmTC_a8bfe.dir/build.make:88: cmTC_a8bfe] Error 1
make[1]: Leaving directory '/home/xhn/Desktop/CSC4140/120090453_HW_5/Assignment5/build/CMakeFiles/CMakeTmp'
make: *** [Makefile:121: cmTC_a8bfe/fast] Error 2



